<?xml version="1.0" encoding="UTF-8"?>
<testng-results ignored="0" total="2" passed="2" failed="0" skipped="0">
  <reporter-output>
  </reporter-output>
  <suite started-at="2021-09-14T18:42:56 IST" name="Default suite" finished-at="2021-09-14T18:44:04 IST" duration-ms="67291">
    <groups>
    </groups>
    <test started-at="2021-09-14T18:42:56 IST" name="Default test" finished-at="2021-09-14T18:44:04 IST" duration-ms="67291">
      <class name="sush.User.EnrollCourse">
        <test-method is-config="true" signature="launchBrowser()[pri:0, instance:sush.User.EnrollCourse@4efc180e]" started-at="2021-09-14T18:42:56 IST" name="launchBrowser" finished-at="2021-09-14T18:43:05 IST" duration-ms="8129" status="PASS">
          <reporter-output>
          </reporter-output>
        </test-method> <!-- launchBrowser -->
        <test-method signature="checkLogin()[pri:1, instance:sush.User.EnrollCourse@4efc180e]" started-at="2021-09-14T18:43:05 IST" name="checkLogin" finished-at="2021-09-14T18:43:38 IST" duration-ms="33589" status="PASS">
          <reporter-output>
          </reporter-output>
        </test-method> <!-- checkLogin -->
        <test-method signature="enroll()[pri:2, instance:sush.User.EnrollCourse@4efc180e]" started-at="2021-09-14T18:43:38 IST" name="enroll" finished-at="2021-09-14T18:44:04 IST" duration-ms="25414" status="PASS">
          <reporter-output>
          </reporter-output>
        </test-method> <!-- enroll -->
        <test-method is-config="true" signature="tearDown()[pri:0, instance:sush.User.EnrollCourse@4efc180e]" started-at="2021-09-14T18:44:04 IST" name="tearDown" finished-at="2021-09-14T18:44:04 IST" duration-ms="117" status="PASS">
          <reporter-output>
          </reporter-output>
        </test-method> <!-- tearDown -->
      </class> <!-- sush.User.EnrollCourse -->
    </test> <!-- Default test -->
  </suite> <!-- Default suite -->
</testng-results>
